<?xml version="1.0" encoding="UTF-8"?>
<!-- Generated by org.testng.reporters.JUnitReportReporter -->
<testsuite hostname="DESKTOP-RH03703" failures="0" tests="3" name="vtiger.Practice.BaseClassPractice" time="0.028" errors="0" timestamp="2023-03-28T12:26:14 GST" skipped="0">
  <testcase classname="vtiger.Practice.BaseClassPractice" name="test1" time="0.005"/>
  <system-out/>
  <testcase classname="vtiger.Practice.BaseClassPractice" name="test" time="0.018"/>
  <system-out/>
  <testcase classname="vtiger.Practice.BaseClassPractice" name="test2" time="0.005"/>
  <system-out/>
</testsuite> <!-- vtiger.Practice.BaseClassPractice -->
