<?xml version="1.0" encoding="UTF-8"?>
<!-- Generated by org.testng.reporters.JUnitReportReporter -->
<testsuite hostname="DESKTOP-RH03703" failures="0" tests="2" name="vtiger.Organization.Tests.CreateOrganizationTest" time="60.819" errors="0" timestamp="2023-04-10T08:51:47 GST" skipped="0">
  <testcase classname="vtiger.Organization.Tests.CreateOrganizationTest" name="demo" time="8.334"/>
  <system-out/>
  <testcase classname="vtiger.Organization.Tests.CreateOrganizationTest" name="createOrgTest" time="52.485"/>
  <system-out>
    <![CDATA[navigated to organizations link
clicked on oranization look up image
organization created with mandatory fields]]>
  </system-out>
</testsuite> <!-- vtiger.Organization.Tests.CreateOrganizationTest -->
