<?xml version="1.0" encoding="UTF-8"?>
<!-- Generated by org.testng.reporters.JUnitReportReporter -->
<testsuite hostname="DESKTOP-RH03703" failures="0" tests="1" name="vtiger.Practice.ReadDataFromcmdLine" time="0.012" errors="0" timestamp="2023-04-10T09:32:07 GST" skipped="0">
  <testcase classname="vtiger.Practice.ReadDataFromcmdLine" name="test" time="0.012"/>
  <system-out/>
</testsuite> <!-- vtiger.Practice.ReadDataFromcmdLine -->
