<?xml version="1.0" encoding="UTF-8"?>
<!-- Generated by org.testng.reporters.JUnitReportReporter -->
<testsuite hostname="DESKTOP-RH03703" failures="0" tests="4" name="vtiger.Organization.Tests.CreateMultipleOrgTest" time="106.394" errors="0" timestamp="2023-04-05T13:32:22 GST" skipped="0">
  <testcase classname="vtiger.Organization.Tests.CreateMultipleOrgTest" name="createOrgTest" time="26.279"/>
  <system-out/>
  <testcase classname="vtiger.Organization.Tests.CreateMultipleOrgTest" name="createOrgTest" time="26.096"/>
  <system-out/>
  <testcase classname="vtiger.Organization.Tests.CreateMultipleOrgTest" name="createOrgTest" time="26.616"/>
  <system-out/>
  <testcase classname="vtiger.Organization.Tests.CreateMultipleOrgTest" name="createOrgTest" time="27.403"/>
  <system-out/>
</testsuite> <!-- vtiger.Organization.Tests.CreateMultipleOrgTest -->
