<?xml version="1.0" encoding="UTF-8"?>
<!-- Generated by org.testng.reporters.JUnitReportReporter -->
<testsuite hostname="DESKTOP-RH03703" failures="0" tests="2" name="vtiger.Practice.DataProviderPractice" time="0.074" errors="0" timestamp="2023-03-27T12:23:31 GST" skipped="0">
  <testcase classname="vtiger.Practice.DataProviderPractice" name="addToCart" time="0.071"/>
  <system-out/>
  <testcase classname="vtiger.Practice.DataProviderPractice" name="addToCart" time="0.003"/>
  <system-out/>
</testsuite> <!-- vtiger.Practice.DataProviderPractice -->
