<?xml version="1.0" encoding="UTF-8"?>
<!-- Generated by org.testng.reporters.JUnitReportReporter -->
<testsuite hostname="DESKTOP-RH03703" failures="0" tests="3" name="vtiger.Practice.TestNGPracticeTest" time="0.016" errors="0" timestamp="2023-03-28T11:33:23 GST" skipped="0">
  <testcase classname="vtiger.Practice.TestNGPracticeTest" name="modifyUserTest" time="0.013"/>
  <system-out/>
  <testcase classname="vtiger.Practice.TestNGPracticeTest" name="deleteUserTest" time="0.001"/>
  <system-out/>
  <testcase classname="vtiger.Practice.TestNGPracticeTest" name="createUserTest" time="0.002"/>
  <system-out/>
</testsuite> <!-- vtiger.Practice.TestNGPracticeTest -->
